<?xml version="1.0" encoding="UTF-8"?>
<!-- Generated by org.testng.reporters.JUnitReportReporter -->
<testsuite hostname="DESKTOP-ABJOE7G" failures="0" tests="1" name="TestCases.CheckPrice" time="25.599" errors="0" timestamp="2023-09-15T14:47:01 GMT-07:00" skipped="0">
  <testcase classname="TestCases.CheckPrice" name="comparePrice" time="25.599"/>
</testsuite> <!-- TestCases.CheckPrice -->
